_hwD2cu40y8
RD2psWVK9jY
GFL8vd_fPG0
3GpIbg-5C-w
tollGa3S0o8
etrBno7mUE4
XFia3csKyWg
W1kM47roGI8
bc0pzmh2s0M
-Qu9GK29hZ0
2lAe1cqCOXo
3he_uv5p1jU
Vt6v8WYlB88
fKq8u0q4rvQ
yao8xqS-oIk
fb7tBDWfvTs
-X7NcnwkBKM
fSGH33u6ovE
5VpFpiv1SL0
vjtbafmOjcY
1hlVssCyyr8
RfeyGgTJ-58
DY8w5H6dOL8
YME8u9HhcXI
ZWHIHNgTUxg
nt8VaVFIido
CaaJyRvvaq8
nloi7jnpwRA
tzx0duxQ6W0
ilrM9ex7nXI
IlsaZ4WHyYc
bbycvSF4sQk
0jYzzqYz8Ss
WK8V_OCN9Gw
6WRcBs_Z4f0
yl2K-YuqjQc
cvS1b05GivU
5YWl6gK5OcE
mDw_0veBnVI
Ka98OCfllgY
g18-x9P9P-4
LeESY3mzSIM
ffcitRgiNDs
oN0IeNenNIU
UV6-MFZYxUk
7nM6EaR50Tc
Ia-8gKapm8g
1-nWL4gBqaM
HdwzJLTLFqc
CaLOiGEDPJQ
ialRRBhtHtg